[0.157s] Invoking command in '/home/shanti/ttt_ws/src/build/tic_tac_toe_msgs': CMAKE_PREFIX_PATH=${CMAKE_PREFIX_PATH}:/home/shanti/ttt_ws/install/tic_tac_toe:/home/shanti/ros2_ws/install/line_follow:/home/shanti/ros2_ws/install/joystick:/home/shanti/ros2_ws/install/custom_costmap:/home/shanti/ros2_ws/install/adas_ar:/opt/ros/humble /usr/bin/cmake /home/shanti/ttt_ws/src/tic_tac_toe_msgs -DCMAKE_INSTALL_PREFIX=/home/shanti/ttt_ws/src/install/tic_tac_toe_msgs
[0.249s] -- The C compiler identification is GNU 11.4.0
[0.312s] -- The CXX compiler identification is GNU 11.4.0
[0.318s] -- Detecting C compiler ABI info
[0.370s] -- Detecting C compiler ABI info - done
[0.377s] -- Check for working C compiler: /usr/bin/cc - skipped
[0.378s] -- Detecting C compile features
[0.378s] -- Detecting C compile features - done
[0.380s] -- Detecting CXX compiler ABI info
[0.440s] -- Detecting CXX compiler ABI info - done
[0.444s] -- Check for working CXX compiler: /usr/bin/c++ - skipped
[0.444s] -- Detecting CXX compile features
[0.444s] -- Detecting CXX compile features - done
[0.447s] -- Found ament_cmake: 1.3.10 (/opt/ros/humble/share/ament_cmake/cmake)
[0.553s] -- Found Python3: /usr/bin/python3 (found version "3.10.12") found components: Interpreter 
[0.623s] -- Found rosidl_default_generators: 1.2.0 (/opt/ros/humble/share/rosidl_default_generators/cmake)
[0.626s] -- Using all available rosidl_typesupport_c: rosidl_typesupport_fastrtps_c;rosidl_typesupport_introspection_c
[0.632s] -- Found rosidl_adapter: 3.1.5 (/opt/ros/humble/share/rosidl_adapter/cmake)
[0.665s] -- Using all available rosidl_typesupport_cpp: rosidl_typesupport_fastrtps_cpp;rosidl_typesupport_introspection_cpp
[0.852s] -- Found ament_cmake_ros: 0.10.0 (/opt/ros/humble/share/ament_cmake_ros/cmake)
[0.975s] -- Using all available rosidl_typesupport_c: rosidl_typesupport_fastrtps_c;rosidl_typesupport_introspection_c
[1.138s] -- Using all available rosidl_typesupport_cpp: rosidl_typesupport_fastrtps_cpp;rosidl_typesupport_introspection_cpp
[1.154s] -- Found PythonInterp: /usr/bin/python3 (found suitable version "3.10.12", minimum required is "3.6") 
[1.156s] -- Found python_cmake_module: 0.10.0 (/opt/ros/humble/share/python_cmake_module/cmake)
[1.176s] -- Found PythonLibs: /usr/lib/x86_64-linux-gnu/libpython3.10.so (found suitable version "3.10.12", minimum required is "3.5") 
[1.176s] -- Using PYTHON_EXECUTABLE: /usr/bin/python3
[1.176s] -- Using PYTHON_INCLUDE_DIRS: /usr/include/python3.10
[1.176s] -- Using PYTHON_LIBRARIES: /usr/lib/x86_64-linux-gnu/libpython3.10.so
[1.191s] -- Found PythonExtra: .so  
[1.218s] -- Found ament_lint_auto: 0.12.11 (/opt/ros/humble/share/ament_lint_auto/cmake)
[1.235s] -- Added test 'lint_cmake' to check CMake code style
[1.236s] -- Added test 'xmllint' to check XML markup files
[1.238s] -- Configuring done
[1.251s] -- Generating done
[1.252s] -- Build files have been written to: /home/shanti/ttt_ws/src/build/tic_tac_toe_msgs
[1.258s] Invoked command in '/home/shanti/ttt_ws/src/build/tic_tac_toe_msgs' returned '0': CMAKE_PREFIX_PATH=${CMAKE_PREFIX_PATH}:/home/shanti/ttt_ws/install/tic_tac_toe:/home/shanti/ros2_ws/install/line_follow:/home/shanti/ros2_ws/install/joystick:/home/shanti/ros2_ws/install/custom_costmap:/home/shanti/ros2_ws/install/adas_ar:/opt/ros/humble /usr/bin/cmake /home/shanti/ttt_ws/src/tic_tac_toe_msgs -DCMAKE_INSTALL_PREFIX=/home/shanti/ttt_ws/src/install/tic_tac_toe_msgs
[1.258s] Invoking command in '/home/shanti/ttt_ws/src/build/tic_tac_toe_msgs': CMAKE_PREFIX_PATH=${CMAKE_PREFIX_PATH}:/home/shanti/ttt_ws/install/tic_tac_toe:/home/shanti/ros2_ws/install/line_follow:/home/shanti/ros2_ws/install/joystick:/home/shanti/ros2_ws/install/custom_costmap:/home/shanti/ros2_ws/install/adas_ar:/opt/ros/humble /usr/bin/cmake --build /home/shanti/ttt_ws/src/build/tic_tac_toe_msgs -- -j24 -l24
[1.288s] [  3%] [34m[1mGenerating C code for ROS interfaces[0m
[1.296s] [  6%] [34m[1mGenerating C++ code for ROS interfaces[0m
[1.303s] [  6%] Built target ament_cmake_python_copy_tic_tac_toe_msgs
[1.458s] running egg_info
[1.459s] creating tic_tac_toe_msgs.egg-info
[1.459s] writing tic_tac_toe_msgs.egg-info/PKG-INFO
[1.459s] writing dependency_links to tic_tac_toe_msgs.egg-info/dependency_links.txt
[1.459s] writing top-level names to tic_tac_toe_msgs.egg-info/top_level.txt
[1.459s] writing manifest file 'tic_tac_toe_msgs.egg-info/SOURCES.txt'
[1.460s] [  6%] Built target tic_tac_toe_msgs__cpp
[1.460s] reading manifest file 'tic_tac_toe_msgs.egg-info/SOURCES.txt'
[1.460s] writing manifest file 'tic_tac_toe_msgs.egg-info/SOURCES.txt'
[1.467s] [ 12%] [34m[1mGenerating C++ type support dispatch for ROS interfaces[0m
[1.467s] [ 12%] [34m[1mGenerating C++ type support for eProsima Fast-RTPS[0m
[1.467s] [ 16%] [34m[1mGenerating C++ introspection for ROS interfaces[0m
[1.467s] [ 19%] [32mBuilding C object CMakeFiles/tic_tac_toe_msgs__rosidl_generator_c.dir/rosidl_generator_c/tic_tac_toe_msgs/srv/detail/move__functions.c.o[0m
[1.482s] [ 19%] Built target ament_cmake_python_build_tic_tac_toe_msgs_egg
[1.519s] [ 22%] [32m[1mLinking C shared library libtic_tac_toe_msgs__rosidl_generator_c.so[0m
[1.551s] [ 22%] Built target tic_tac_toe_msgs__rosidl_generator_c
[1.560s] [ 32%] [34m[1mGenerating C type support for eProsima Fast-RTPS[0m
[1.561s] [ 32%] [34m[1mGenerating C introspection for ROS interfaces[0m
[1.561s] [ 32%] [34m[1mGenerating C type support dispatch for ROS interfaces[0m
[1.634s] [ 35%] [32mBuilding CXX object CMakeFiles/tic_tac_toe_msgs__rosidl_typesupport_cpp.dir/rosidl_typesupport_cpp/tic_tac_toe_msgs/srv/move__type_support.cpp.o[0m
[1.647s] [ 38%] [32mBuilding CXX object CMakeFiles/tic_tac_toe_msgs__rosidl_typesupport_introspection_cpp.dir/rosidl_typesupport_introspection_cpp/tic_tac_toe_msgs/srv/detail/move__type_support.cpp.o[0m
[1.655s] [ 41%] [32mBuilding CXX object CMakeFiles/tic_tac_toe_msgs__rosidl_typesupport_fastrtps_cpp.dir/rosidl_typesupport_fastrtps_cpp/tic_tac_toe_msgs/srv/detail/dds_fastrtps/move__type_support.cpp.o[0m
[1.742s] [ 45%] [32mBuilding CXX object CMakeFiles/tic_tac_toe_msgs__rosidl_typesupport_c.dir/rosidl_typesupport_c/tic_tac_toe_msgs/srv/move__type_support.cpp.o[0m
[1.760s] [ 48%] [32mBuilding C object CMakeFiles/tic_tac_toe_msgs__rosidl_typesupport_introspection_c.dir/rosidl_typesupport_introspection_c/tic_tac_toe_msgs/srv/detail/move__type_support.c.o[0m
[1.763s] [ 51%] [32mBuilding CXX object CMakeFiles/tic_tac_toe_msgs__rosidl_typesupport_fastrtps_c.dir/rosidl_typesupport_fastrtps_c/tic_tac_toe_msgs/srv/detail/move__type_support_c.cpp.o[0m
[1.771s] [ 54%] [32m[1mLinking CXX shared library libtic_tac_toe_msgs__rosidl_typesupport_c.so[0m
[1.792s] [ 58%] [32m[1mLinking C shared library libtic_tac_toe_msgs__rosidl_typesupport_introspection_c.so[0m
[1.805s] [ 58%] Built target tic_tac_toe_msgs__rosidl_typesupport_c
[1.822s] [ 58%] Built target tic_tac_toe_msgs__rosidl_typesupport_introspection_c
[1.822s] [ 61%] [32m[1mLinking CXX shared library libtic_tac_toe_msgs__rosidl_typesupport_cpp.so[0m
[1.852s] [ 61%] Built target tic_tac_toe_msgs__rosidl_typesupport_cpp
[1.917s] [ 64%] [32m[1mLinking CXX shared library libtic_tac_toe_msgs__rosidl_typesupport_introspection_cpp.so[0m
[1.940s] [ 67%] [32m[1mLinking CXX shared library libtic_tac_toe_msgs__rosidl_typesupport_fastrtps_cpp.so[0m
[1.962s] [ 70%] [32m[1mLinking CXX shared library libtic_tac_toe_msgs__rosidl_typesupport_fastrtps_c.so[0m
[1.970s] [ 70%] Built target tic_tac_toe_msgs__rosidl_typesupport_introspection_cpp
[1.995s] [ 70%] Built target tic_tac_toe_msgs__rosidl_typesupport_fastrtps_cpp
[2.013s] [ 70%] Built target tic_tac_toe_msgs__rosidl_typesupport_fastrtps_c
[2.030s] [ 70%] Built target tic_tac_toe_msgs
[2.045s] [ 74%] [34m[1mGenerating Python code for ROS interfaces[0m
[2.249s] [ 74%] Built target tic_tac_toe_msgs__py
[2.264s] [ 77%] [32mBuilding C object CMakeFiles/tic_tac_toe_msgs__rosidl_generator_py.dir/rosidl_generator_py/tic_tac_toe_msgs/srv/_move_s.c.o[0m
[2.342s] [ 80%] [32m[1mLinking C shared library rosidl_generator_py/tic_tac_toe_msgs/libtic_tac_toe_msgs__rosidl_generator_py.so[0m
[2.370s] [ 80%] Built target tic_tac_toe_msgs__rosidl_generator_py
[2.386s] [ 90%] [32mBuilding C object CMakeFiles/tic_tac_toe_msgs__rosidl_typesupport_fastrtps_c__pyext.dir/rosidl_generator_py/tic_tac_toe_msgs/_tic_tac_toe_msgs_s.ep.rosidl_typesupport_fastrtps_c.c.o[0m
[2.386s] [ 90%] [32mBuilding C object CMakeFiles/tic_tac_toe_msgs__rosidl_typesupport_introspection_c__pyext.dir/rosidl_generator_py/tic_tac_toe_msgs/_tic_tac_toe_msgs_s.ep.rosidl_typesupport_introspection_c.c.o[0m
[2.386s] [ 90%] [32mBuilding C object CMakeFiles/tic_tac_toe_msgs__rosidl_typesupport_c__pyext.dir/rosidl_generator_py/tic_tac_toe_msgs/_tic_tac_toe_msgs_s.ep.rosidl_typesupport_c.c.o[0m
[2.441s] [100%] [32m[1mLinking C shared library rosidl_generator_py/tic_tac_toe_msgs/tic_tac_toe_msgs_s__rosidl_typesupport_fastrtps_c.cpython-310-x86_64-linux-gnu.so[0m
[2.441s] [100%] [32m[1mLinking C shared library rosidl_generator_py/tic_tac_toe_msgs/tic_tac_toe_msgs_s__rosidl_typesupport_c.cpython-310-x86_64-linux-gnu.so[0m
[2.441s] [100%] [32m[1mLinking C shared library rosidl_generator_py/tic_tac_toe_msgs/tic_tac_toe_msgs_s__rosidl_typesupport_introspection_c.cpython-310-x86_64-linux-gnu.so[0m
[2.464s] [100%] Built target tic_tac_toe_msgs__rosidl_typesupport_c__pyext
[2.466s] [100%] Built target tic_tac_toe_msgs__rosidl_typesupport_introspection_c__pyext
[2.467s] [100%] Built target tic_tac_toe_msgs__rosidl_typesupport_fastrtps_c__pyext
[2.476s] Invoked command in '/home/shanti/ttt_ws/src/build/tic_tac_toe_msgs' returned '0': CMAKE_PREFIX_PATH=${CMAKE_PREFIX_PATH}:/home/shanti/ttt_ws/install/tic_tac_toe:/home/shanti/ros2_ws/install/line_follow:/home/shanti/ros2_ws/install/joystick:/home/shanti/ros2_ws/install/custom_costmap:/home/shanti/ros2_ws/install/adas_ar:/opt/ros/humble /usr/bin/cmake --build /home/shanti/ttt_ws/src/build/tic_tac_toe_msgs -- -j24 -l24
[2.526s] Invoking command in '/home/shanti/ttt_ws/src/build/tic_tac_toe_msgs': CMAKE_PREFIX_PATH=${CMAKE_PREFIX_PATH}:/home/shanti/ttt_ws/install/tic_tac_toe:/home/shanti/ros2_ws/install/line_follow:/home/shanti/ros2_ws/install/joystick:/home/shanti/ros2_ws/install/custom_costmap:/home/shanti/ros2_ws/install/adas_ar:/opt/ros/humble /usr/bin/cmake --install /home/shanti/ttt_ws/src/build/tic_tac_toe_msgs
[2.532s] -- Install configuration: ""
[2.532s] -- Installing: /home/shanti/ttt_ws/src/install/tic_tac_toe_msgs/share/ament_index/resource_index/rosidl_interfaces/tic_tac_toe_msgs
[2.532s] -- Installing: /home/shanti/ttt_ws/src/install/tic_tac_toe_msgs/include/tic_tac_toe_msgs/tic_tac_toe_msgs
[2.532s] -- Installing: /home/shanti/ttt_ws/src/install/tic_tac_toe_msgs/include/tic_tac_toe_msgs/tic_tac_toe_msgs/srv
[2.532s] -- Installing: /home/shanti/ttt_ws/src/install/tic_tac_toe_msgs/include/tic_tac_toe_msgs/tic_tac_toe_msgs/srv/move.h
[2.532s] -- Installing: /home/shanti/ttt_ws/src/install/tic_tac_toe_msgs/include/tic_tac_toe_msgs/tic_tac_toe_msgs/srv/detail
[2.533s] -- Installing: /home/shanti/ttt_ws/src/install/tic_tac_toe_msgs/include/tic_tac_toe_msgs/tic_tac_toe_msgs/srv/detail/move__functions.c
[2.533s] -- Installing: /home/shanti/ttt_ws/src/install/tic_tac_toe_msgs/include/tic_tac_toe_msgs/tic_tac_toe_msgs/srv/detail/move__functions.h
[2.533s] -- Installing: /home/shanti/ttt_ws/src/install/tic_tac_toe_msgs/include/tic_tac_toe_msgs/tic_tac_toe_msgs/srv/detail/move__type_support.h
[2.533s] -- Installing: /home/shanti/ttt_ws/src/install/tic_tac_toe_msgs/include/tic_tac_toe_msgs/tic_tac_toe_msgs/srv/detail/move__struct.h
[2.533s] -- Installing: /home/shanti/ttt_ws/src/install/tic_tac_toe_msgs/include/tic_tac_toe_msgs/tic_tac_toe_msgs/msg
[2.533s] -- Installing: /home/shanti/ttt_ws/src/install/tic_tac_toe_msgs/include/tic_tac_toe_msgs/tic_tac_toe_msgs/msg/rosidl_generator_c__visibility_control.h
[2.533s] -- Installing: /home/shanti/ttt_ws/src/install/tic_tac_toe_msgs/share/tic_tac_toe_msgs/environment/library_path.sh
[2.533s] -- Installing: /home/shanti/ttt_ws/src/install/tic_tac_toe_msgs/share/tic_tac_toe_msgs/environment/library_path.dsv
[2.533s] -- Installing: /home/shanti/ttt_ws/src/install/tic_tac_toe_msgs/lib/libtic_tac_toe_msgs__rosidl_generator_c.so
[2.533s] -- Set runtime path of "/home/shanti/ttt_ws/src/install/tic_tac_toe_msgs/lib/libtic_tac_toe_msgs__rosidl_generator_c.so" to ""
[2.533s] -- Up-to-date: /home/shanti/ttt_ws/src/install/tic_tac_toe_msgs/include/tic_tac_toe_msgs/tic_tac_toe_msgs
[2.534s] -- Up-to-date: /home/shanti/ttt_ws/src/install/tic_tac_toe_msgs/include/tic_tac_toe_msgs/tic_tac_toe_msgs/srv
[2.534s] -- Up-to-date: /home/shanti/ttt_ws/src/install/tic_tac_toe_msgs/include/tic_tac_toe_msgs/tic_tac_toe_msgs/srv/detail
[2.534s] -- Installing: /home/shanti/ttt_ws/src/install/tic_tac_toe_msgs/include/tic_tac_toe_msgs/tic_tac_toe_msgs/srv/detail/move__rosidl_typesupport_fastrtps_c.h
[2.534s] -- Up-to-date: /home/shanti/ttt_ws/src/install/tic_tac_toe_msgs/include/tic_tac_toe_msgs/tic_tac_toe_msgs/msg
[2.534s] -- Installing: /home/shanti/ttt_ws/src/install/tic_tac_toe_msgs/include/tic_tac_toe_msgs/tic_tac_toe_msgs/msg/rosidl_typesupport_fastrtps_c__visibility_control.h
[2.534s] -- Installing: /home/shanti/ttt_ws/src/install/tic_tac_toe_msgs/lib/libtic_tac_toe_msgs__rosidl_typesupport_fastrtps_c.so
[2.534s] -- Set runtime path of "/home/shanti/ttt_ws/src/install/tic_tac_toe_msgs/lib/libtic_tac_toe_msgs__rosidl_typesupport_fastrtps_c.so" to ""
[2.534s] -- Up-to-date: /home/shanti/ttt_ws/src/install/tic_tac_toe_msgs/include/tic_tac_toe_msgs/tic_tac_toe_msgs
[2.534s] -- Up-to-date: /home/shanti/ttt_ws/src/install/tic_tac_toe_msgs/include/tic_tac_toe_msgs/tic_tac_toe_msgs/srv
[2.534s] -- Up-to-date: /home/shanti/ttt_ws/src/install/tic_tac_toe_msgs/include/tic_tac_toe_msgs/tic_tac_toe_msgs/srv/detail
[2.534s] -- Installing: /home/shanti/ttt_ws/src/install/tic_tac_toe_msgs/include/tic_tac_toe_msgs/tic_tac_toe_msgs/srv/detail/move__type_support.c
[2.534s] -- Installing: /home/shanti/ttt_ws/src/install/tic_tac_toe_msgs/include/tic_tac_toe_msgs/tic_tac_toe_msgs/srv/detail/move__rosidl_typesupport_introspection_c.h
[2.534s] -- Up-to-date: /home/shanti/ttt_ws/src/install/tic_tac_toe_msgs/include/tic_tac_toe_msgs/tic_tac_toe_msgs/msg
[2.534s] -- Installing: /home/shanti/ttt_ws/src/install/tic_tac_toe_msgs/include/tic_tac_toe_msgs/tic_tac_toe_msgs/msg/rosidl_typesupport_introspection_c__visibility_control.h
[2.534s] -- Installing: /home/shanti/ttt_ws/src/install/tic_tac_toe_msgs/lib/libtic_tac_toe_msgs__rosidl_typesupport_introspection_c.so
[2.535s] -- Set runtime path of "/home/shanti/ttt_ws/src/install/tic_tac_toe_msgs/lib/libtic_tac_toe_msgs__rosidl_typesupport_introspection_c.so" to ""
[2.535s] -- Installing: /home/shanti/ttt_ws/src/install/tic_tac_toe_msgs/lib/libtic_tac_toe_msgs__rosidl_typesupport_c.so
[2.535s] -- Set runtime path of "/home/shanti/ttt_ws/src/install/tic_tac_toe_msgs/lib/libtic_tac_toe_msgs__rosidl_typesupport_c.so" to ""
[2.535s] -- Up-to-date: /home/shanti/ttt_ws/src/install/tic_tac_toe_msgs/include/tic_tac_toe_msgs/tic_tac_toe_msgs
[2.535s] -- Up-to-date: /home/shanti/ttt_ws/src/install/tic_tac_toe_msgs/include/tic_tac_toe_msgs/tic_tac_toe_msgs/srv
[2.535s] -- Up-to-date: /home/shanti/ttt_ws/src/install/tic_tac_toe_msgs/include/tic_tac_toe_msgs/tic_tac_toe_msgs/srv/detail
[2.535s] -- Installing: /home/shanti/ttt_ws/src/install/tic_tac_toe_msgs/include/tic_tac_toe_msgs/tic_tac_toe_msgs/srv/detail/move__struct.hpp
[2.535s] -- Installing: /home/shanti/ttt_ws/src/install/tic_tac_toe_msgs/include/tic_tac_toe_msgs/tic_tac_toe_msgs/srv/detail/move__traits.hpp
[2.535s] -- Installing: /home/shanti/ttt_ws/src/install/tic_tac_toe_msgs/include/tic_tac_toe_msgs/tic_tac_toe_msgs/srv/detail/move__builder.hpp
[2.535s] -- Installing: /home/shanti/ttt_ws/src/install/tic_tac_toe_msgs/include/tic_tac_toe_msgs/tic_tac_toe_msgs/srv/move.hpp
[2.535s] -- Up-to-date: /home/shanti/ttt_ws/src/install/tic_tac_toe_msgs/include/tic_tac_toe_msgs/tic_tac_toe_msgs
[2.535s] -- Up-to-date: /home/shanti/ttt_ws/src/install/tic_tac_toe_msgs/include/tic_tac_toe_msgs/tic_tac_toe_msgs/srv
[2.535s] -- Up-to-date: /home/shanti/ttt_ws/src/install/tic_tac_toe_msgs/include/tic_tac_toe_msgs/tic_tac_toe_msgs/srv/detail
[2.535s] -- Installing: /home/shanti/ttt_ws/src/install/tic_tac_toe_msgs/include/tic_tac_toe_msgs/tic_tac_toe_msgs/srv/detail/move__rosidl_typesupport_fastrtps_cpp.hpp
[2.536s] -- Installing: /home/shanti/ttt_ws/src/install/tic_tac_toe_msgs/include/tic_tac_toe_msgs/tic_tac_toe_msgs/srv/detail/dds_fastrtps
[2.536s] -- Up-to-date: /home/shanti/ttt_ws/src/install/tic_tac_toe_msgs/include/tic_tac_toe_msgs/tic_tac_toe_msgs/msg
[2.536s] -- Installing: /home/shanti/ttt_ws/src/install/tic_tac_toe_msgs/include/tic_tac_toe_msgs/tic_tac_toe_msgs/msg/rosidl_typesupport_fastrtps_cpp__visibility_control.h
[2.536s] -- Installing: /home/shanti/ttt_ws/src/install/tic_tac_toe_msgs/lib/libtic_tac_toe_msgs__rosidl_typesupport_fastrtps_cpp.so
[2.536s] -- Set runtime path of "/home/shanti/ttt_ws/src/install/tic_tac_toe_msgs/lib/libtic_tac_toe_msgs__rosidl_typesupport_fastrtps_cpp.so" to ""
[2.536s] -- Up-to-date: /home/shanti/ttt_ws/src/install/tic_tac_toe_msgs/include/tic_tac_toe_msgs/tic_tac_toe_msgs
[2.536s] -- Up-to-date: /home/shanti/ttt_ws/src/install/tic_tac_toe_msgs/include/tic_tac_toe_msgs/tic_tac_toe_msgs/srv
[2.536s] -- Up-to-date: /home/shanti/ttt_ws/src/install/tic_tac_toe_msgs/include/tic_tac_toe_msgs/tic_tac_toe_msgs/srv/detail
[2.536s] -- Installing: /home/shanti/ttt_ws/src/install/tic_tac_toe_msgs/include/tic_tac_toe_msgs/tic_tac_toe_msgs/srv/detail/move__rosidl_typesupport_introspection_cpp.hpp
[2.536s] -- Installing: /home/shanti/ttt_ws/src/install/tic_tac_toe_msgs/include/tic_tac_toe_msgs/tic_tac_toe_msgs/srv/detail/move__type_support.cpp
[2.536s] -- Installing: /home/shanti/ttt_ws/src/install/tic_tac_toe_msgs/lib/libtic_tac_toe_msgs__rosidl_typesupport_introspection_cpp.so
[2.536s] -- Set runtime path of "/home/shanti/ttt_ws/src/install/tic_tac_toe_msgs/lib/libtic_tac_toe_msgs__rosidl_typesupport_introspection_cpp.so" to ""
[2.536s] -- Installing: /home/shanti/ttt_ws/src/install/tic_tac_toe_msgs/lib/libtic_tac_toe_msgs__rosidl_typesupport_cpp.so
[2.536s] -- Set runtime path of "/home/shanti/ttt_ws/src/install/tic_tac_toe_msgs/lib/libtic_tac_toe_msgs__rosidl_typesupport_cpp.so" to ""
[2.536s] -- Installing: /home/shanti/ttt_ws/src/install/tic_tac_toe_msgs/share/tic_tac_toe_msgs/environment/pythonpath.sh
[2.536s] -- Installing: /home/shanti/ttt_ws/src/install/tic_tac_toe_msgs/share/tic_tac_toe_msgs/environment/pythonpath.dsv
[2.536s] -- Installing: /home/shanti/ttt_ws/src/install/tic_tac_toe_msgs/local/lib/python3.10/dist-packages/tic_tac_toe_msgs-0.0.0-py3.10.egg-info
[2.537s] -- Installing: /home/shanti/ttt_ws/src/install/tic_tac_toe_msgs/local/lib/python3.10/dist-packages/tic_tac_toe_msgs-0.0.0-py3.10.egg-info/top_level.txt
[2.537s] -- Installing: /home/shanti/ttt_ws/src/install/tic_tac_toe_msgs/local/lib/python3.10/dist-packages/tic_tac_toe_msgs-0.0.0-py3.10.egg-info/PKG-INFO
[2.537s] -- Installing: /home/shanti/ttt_ws/src/install/tic_tac_toe_msgs/local/lib/python3.10/dist-packages/tic_tac_toe_msgs-0.0.0-py3.10.egg-info/dependency_links.txt
[2.537s] -- Installing: /home/shanti/ttt_ws/src/install/tic_tac_toe_msgs/local/lib/python3.10/dist-packages/tic_tac_toe_msgs-0.0.0-py3.10.egg-info/SOURCES.txt
[2.537s] -- Installing: /home/shanti/ttt_ws/src/install/tic_tac_toe_msgs/local/lib/python3.10/dist-packages/tic_tac_toe_msgs
[2.537s] -- Installing: /home/shanti/ttt_ws/src/install/tic_tac_toe_msgs/local/lib/python3.10/dist-packages/tic_tac_toe_msgs/_tic_tac_toe_msgs_s.ep.rosidl_typesupport_c.c
[2.537s] -- Installing: /home/shanti/ttt_ws/src/install/tic_tac_toe_msgs/local/lib/python3.10/dist-packages/tic_tac_toe_msgs/srv
[2.537s] -- Installing: /home/shanti/ttt_ws/src/install/tic_tac_toe_msgs/local/lib/python3.10/dist-packages/tic_tac_toe_msgs/srv/_move.py
[2.537s] -- Installing: /home/shanti/ttt_ws/src/install/tic_tac_toe_msgs/local/lib/python3.10/dist-packages/tic_tac_toe_msgs/srv/_move_s.c
[2.537s] -- Installing: /home/shanti/ttt_ws/src/install/tic_tac_toe_msgs/local/lib/python3.10/dist-packages/tic_tac_toe_msgs/srv/__init__.py
[2.537s] -- Installing: /home/shanti/ttt_ws/src/install/tic_tac_toe_msgs/local/lib/python3.10/dist-packages/tic_tac_toe_msgs/libtic_tac_toe_msgs__rosidl_generator_py.so
[2.537s] -- Installing: /home/shanti/ttt_ws/src/install/tic_tac_toe_msgs/local/lib/python3.10/dist-packages/tic_tac_toe_msgs/tic_tac_toe_msgs_s__rosidl_typesupport_fastrtps_c.cpython-310-x86_64-linux-gnu.so
[2.537s] -- Installing: /home/shanti/ttt_ws/src/install/tic_tac_toe_msgs/local/lib/python3.10/dist-packages/tic_tac_toe_msgs/tic_tac_toe_msgs_s__rosidl_typesupport_c.cpython-310-x86_64-linux-gnu.so
[2.537s] -- Installing: /home/shanti/ttt_ws/src/install/tic_tac_toe_msgs/local/lib/python3.10/dist-packages/tic_tac_toe_msgs/_tic_tac_toe_msgs_s.ep.rosidl_typesupport_fastrtps_c.c
[2.537s] -- Installing: /home/shanti/ttt_ws/src/install/tic_tac_toe_msgs/local/lib/python3.10/dist-packages/tic_tac_toe_msgs/__init__.py
[2.537s] -- Installing: /home/shanti/ttt_ws/src/install/tic_tac_toe_msgs/local/lib/python3.10/dist-packages/tic_tac_toe_msgs/_tic_tac_toe_msgs_s.ep.rosidl_typesupport_introspection_c.c
[2.537s] -- Installing: /home/shanti/ttt_ws/src/install/tic_tac_toe_msgs/local/lib/python3.10/dist-packages/tic_tac_toe_msgs/tic_tac_toe_msgs_s__rosidl_typesupport_introspection_c.cpython-310-x86_64-linux-gnu.so
[2.557s] Listing '/home/shanti/ttt_ws/src/install/tic_tac_toe_msgs/local/lib/python3.10/dist-packages/tic_tac_toe_msgs'...
[2.557s] Compiling '/home/shanti/ttt_ws/src/install/tic_tac_toe_msgs/local/lib/python3.10/dist-packages/tic_tac_toe_msgs/__init__.py'...
[2.557s] Listing '/home/shanti/ttt_ws/src/install/tic_tac_toe_msgs/local/lib/python3.10/dist-packages/tic_tac_toe_msgs/srv'...
[2.557s] Compiling '/home/shanti/ttt_ws/src/install/tic_tac_toe_msgs/local/lib/python3.10/dist-packages/tic_tac_toe_msgs/srv/__init__.py'...
[2.557s] Compiling '/home/shanti/ttt_ws/src/install/tic_tac_toe_msgs/local/lib/python3.10/dist-packages/tic_tac_toe_msgs/srv/_move.py'...
[2.560s] -- Installing: /home/shanti/ttt_ws/src/install/tic_tac_toe_msgs/local/lib/python3.10/dist-packages/tic_tac_toe_msgs/tic_tac_toe_msgs_s__rosidl_typesupport_fastrtps_c.cpython-310-x86_64-linux-gnu.so
[2.560s] -- Set runtime path of "/home/shanti/ttt_ws/src/install/tic_tac_toe_msgs/local/lib/python3.10/dist-packages/tic_tac_toe_msgs/tic_tac_toe_msgs_s__rosidl_typesupport_fastrtps_c.cpython-310-x86_64-linux-gnu.so" to ""
[2.560s] -- Installing: /home/shanti/ttt_ws/src/install/tic_tac_toe_msgs/local/lib/python3.10/dist-packages/tic_tac_toe_msgs/tic_tac_toe_msgs_s__rosidl_typesupport_introspection_c.cpython-310-x86_64-linux-gnu.so
[2.560s] -- Set runtime path of "/home/shanti/ttt_ws/src/install/tic_tac_toe_msgs/local/lib/python3.10/dist-packages/tic_tac_toe_msgs/tic_tac_toe_msgs_s__rosidl_typesupport_introspection_c.cpython-310-x86_64-linux-gnu.so" to ""
[2.561s] -- Installing: /home/shanti/ttt_ws/src/install/tic_tac_toe_msgs/local/lib/python3.10/dist-packages/tic_tac_toe_msgs/tic_tac_toe_msgs_s__rosidl_typesupport_c.cpython-310-x86_64-linux-gnu.so
[2.561s] -- Set runtime path of "/home/shanti/ttt_ws/src/install/tic_tac_toe_msgs/local/lib/python3.10/dist-packages/tic_tac_toe_msgs/tic_tac_toe_msgs_s__rosidl_typesupport_c.cpython-310-x86_64-linux-gnu.so" to ""
[2.561s] -- Installing: /home/shanti/ttt_ws/src/install/tic_tac_toe_msgs/lib/libtic_tac_toe_msgs__rosidl_generator_py.so
[2.561s] -- Set runtime path of "/home/shanti/ttt_ws/src/install/tic_tac_toe_msgs/lib/libtic_tac_toe_msgs__rosidl_generator_py.so" to ""
[2.561s] -- Installing: /home/shanti/ttt_ws/src/install/tic_tac_toe_msgs/share/tic_tac_toe_msgs/srv/Move.idl
[2.561s] -- Installing: /home/shanti/ttt_ws/src/install/tic_tac_toe_msgs/share/tic_tac_toe_msgs/srv/Move.srv
[2.561s] -- Installing: /home/shanti/ttt_ws/src/install/tic_tac_toe_msgs/share/tic_tac_toe_msgs/srv/Move_Request.msg
[2.561s] -- Installing: /home/shanti/ttt_ws/src/install/tic_tac_toe_msgs/share/tic_tac_toe_msgs/srv/Move_Response.msg
[2.561s] -- Installing: /home/shanti/ttt_ws/src/install/tic_tac_toe_msgs/share/ament_index/resource_index/package_run_dependencies/tic_tac_toe_msgs
[2.561s] -- Installing: /home/shanti/ttt_ws/src/install/tic_tac_toe_msgs/share/ament_index/resource_index/parent_prefix_path/tic_tac_toe_msgs
[2.561s] -- Installing: /home/shanti/ttt_ws/src/install/tic_tac_toe_msgs/share/tic_tac_toe_msgs/environment/ament_prefix_path.sh
[2.562s] -- Installing: /home/shanti/ttt_ws/src/install/tic_tac_toe_msgs/share/tic_tac_toe_msgs/environment/ament_prefix_path.dsv
[2.562s] -- Installing: /home/shanti/ttt_ws/src/install/tic_tac_toe_msgs/share/tic_tac_toe_msgs/environment/path.sh
[2.562s] -- Installing: /home/shanti/ttt_ws/src/install/tic_tac_toe_msgs/share/tic_tac_toe_msgs/environment/path.dsv
[2.562s] -- Installing: /home/shanti/ttt_ws/src/install/tic_tac_toe_msgs/share/tic_tac_toe_msgs/local_setup.bash
[2.562s] -- Installing: /home/shanti/ttt_ws/src/install/tic_tac_toe_msgs/share/tic_tac_toe_msgs/local_setup.sh
[2.562s] -- Installing: /home/shanti/ttt_ws/src/install/tic_tac_toe_msgs/share/tic_tac_toe_msgs/local_setup.zsh
[2.562s] -- Installing: /home/shanti/ttt_ws/src/install/tic_tac_toe_msgs/share/tic_tac_toe_msgs/local_setup.dsv
[2.562s] -- Installing: /home/shanti/ttt_ws/src/install/tic_tac_toe_msgs/share/tic_tac_toe_msgs/package.dsv
[2.562s] -- Installing: /home/shanti/ttt_ws/src/install/tic_tac_toe_msgs/share/ament_index/resource_index/packages/tic_tac_toe_msgs
[2.562s] -- Installing: /home/shanti/ttt_ws/src/install/tic_tac_toe_msgs/share/tic_tac_toe_msgs/cmake/export_tic_tac_toe_msgs__rosidl_generator_cExport.cmake
[2.562s] -- Installing: /home/shanti/ttt_ws/src/install/tic_tac_toe_msgs/share/tic_tac_toe_msgs/cmake/export_tic_tac_toe_msgs__rosidl_generator_cExport-noconfig.cmake
[2.562s] -- Installing: /home/shanti/ttt_ws/src/install/tic_tac_toe_msgs/share/tic_tac_toe_msgs/cmake/export_tic_tac_toe_msgs__rosidl_typesupport_fastrtps_cExport.cmake
[2.562s] -- Installing: /home/shanti/ttt_ws/src/install/tic_tac_toe_msgs/share/tic_tac_toe_msgs/cmake/export_tic_tac_toe_msgs__rosidl_typesupport_fastrtps_cExport-noconfig.cmake
[2.562s] -- Installing: /home/shanti/ttt_ws/src/install/tic_tac_toe_msgs/share/tic_tac_toe_msgs/cmake/tic_tac_toe_msgs__rosidl_typesupport_introspection_cExport.cmake
[2.563s] -- Installing: /home/shanti/ttt_ws/src/install/tic_tac_toe_msgs/share/tic_tac_toe_msgs/cmake/tic_tac_toe_msgs__rosidl_typesupport_introspection_cExport-noconfig.cmake
[2.563s] -- Installing: /home/shanti/ttt_ws/src/install/tic_tac_toe_msgs/share/tic_tac_toe_msgs/cmake/tic_tac_toe_msgs__rosidl_typesupport_cExport.cmake
[2.563s] -- Installing: /home/shanti/ttt_ws/src/install/tic_tac_toe_msgs/share/tic_tac_toe_msgs/cmake/tic_tac_toe_msgs__rosidl_typesupport_cExport-noconfig.cmake
[2.563s] -- Installing: /home/shanti/ttt_ws/src/install/tic_tac_toe_msgs/share/tic_tac_toe_msgs/cmake/export_tic_tac_toe_msgs__rosidl_generator_cppExport.cmake
[2.563s] -- Installing: /home/shanti/ttt_ws/src/install/tic_tac_toe_msgs/share/tic_tac_toe_msgs/cmake/export_tic_tac_toe_msgs__rosidl_typesupport_fastrtps_cppExport.cmake
[2.563s] -- Installing: /home/shanti/ttt_ws/src/install/tic_tac_toe_msgs/share/tic_tac_toe_msgs/cmake/export_tic_tac_toe_msgs__rosidl_typesupport_fastrtps_cppExport-noconfig.cmake
[2.563s] -- Installing: /home/shanti/ttt_ws/src/install/tic_tac_toe_msgs/share/tic_tac_toe_msgs/cmake/tic_tac_toe_msgs__rosidl_typesupport_introspection_cppExport.cmake
[2.563s] -- Installing: /home/shanti/ttt_ws/src/install/tic_tac_toe_msgs/share/tic_tac_toe_msgs/cmake/tic_tac_toe_msgs__rosidl_typesupport_introspection_cppExport-noconfig.cmake
[2.563s] -- Installing: /home/shanti/ttt_ws/src/install/tic_tac_toe_msgs/share/tic_tac_toe_msgs/cmake/tic_tac_toe_msgs__rosidl_typesupport_cppExport.cmake
[2.563s] -- Installing: /home/shanti/ttt_ws/src/install/tic_tac_toe_msgs/share/tic_tac_toe_msgs/cmake/tic_tac_toe_msgs__rosidl_typesupport_cppExport-noconfig.cmake
[2.563s] -- Installing: /home/shanti/ttt_ws/src/install/tic_tac_toe_msgs/share/tic_tac_toe_msgs/cmake/export_tic_tac_toe_msgs__rosidl_generator_pyExport.cmake
[2.563s] -- Installing: /home/shanti/ttt_ws/src/install/tic_tac_toe_msgs/share/tic_tac_toe_msgs/cmake/export_tic_tac_toe_msgs__rosidl_generator_pyExport-noconfig.cmake
[2.563s] -- Installing: /home/shanti/ttt_ws/src/install/tic_tac_toe_msgs/share/tic_tac_toe_msgs/cmake/rosidl_cmake-extras.cmake
[2.563s] -- Installing: /home/shanti/ttt_ws/src/install/tic_tac_toe_msgs/share/tic_tac_toe_msgs/cmake/ament_cmake_export_include_directories-extras.cmake
[2.564s] -- Installing: /home/shanti/ttt_ws/src/install/tic_tac_toe_msgs/share/tic_tac_toe_msgs/cmake/ament_cmake_export_libraries-extras.cmake
[2.564s] -- Installing: /home/shanti/ttt_ws/src/install/tic_tac_toe_msgs/share/tic_tac_toe_msgs/cmake/ament_cmake_export_targets-extras.cmake
[2.564s] -- Installing: /home/shanti/ttt_ws/src/install/tic_tac_toe_msgs/share/tic_tac_toe_msgs/cmake/rosidl_cmake_export_typesupport_targets-extras.cmake
[2.564s] -- Installing: /home/shanti/ttt_ws/src/install/tic_tac_toe_msgs/share/tic_tac_toe_msgs/cmake/ament_cmake_export_dependencies-extras.cmake
[2.564s] -- Installing: /home/shanti/ttt_ws/src/install/tic_tac_toe_msgs/share/tic_tac_toe_msgs/cmake/rosidl_cmake_export_typesupport_libraries-extras.cmake
[2.564s] -- Installing: /home/shanti/ttt_ws/src/install/tic_tac_toe_msgs/share/tic_tac_toe_msgs/cmake/tic_tac_toe_msgsConfig.cmake
[2.564s] -- Installing: /home/shanti/ttt_ws/src/install/tic_tac_toe_msgs/share/tic_tac_toe_msgs/cmake/tic_tac_toe_msgsConfig-version.cmake
[2.564s] -- Installing: /home/shanti/ttt_ws/src/install/tic_tac_toe_msgs/share/tic_tac_toe_msgs/package.xml
[2.566s] Invoked command in '/home/shanti/ttt_ws/src/build/tic_tac_toe_msgs' returned '0': CMAKE_PREFIX_PATH=${CMAKE_PREFIX_PATH}:/home/shanti/ttt_ws/install/tic_tac_toe:/home/shanti/ros2_ws/install/line_follow:/home/shanti/ros2_ws/install/joystick:/home/shanti/ros2_ws/install/custom_costmap:/home/shanti/ros2_ws/install/adas_ar:/opt/ros/humble /usr/bin/cmake --install /home/shanti/ttt_ws/src/build/tic_tac_toe_msgs
