[0.370s] Invoking command in '/home/shanti/ttt_ws/src/tic_tac_toe': PYTHONPATH=/home/shanti/ttt_ws/src/build/tic_tac_toe/prefix_override:/usr/lib/python3/dist-packages/colcon_core/task/python/colcon_distutils_commands:/home/shanti/ttt_ws/src/install/tic_tac_toe/lib/python3.10/site-packages:${PYTHONPATH} /usr/bin/python3 -W ignore:setup.py install is deprecated setup.py egg_info --egg-base ../build/tic_tac_toe build --build-base /home/shanti/ttt_ws/src/build/tic_tac_toe/build install --record /home/shanti/ttt_ws/src/build/tic_tac_toe/install.log --single-version-externally-managed install_data
[0.505s] running egg_info
[0.505s] creating ../build/tic_tac_toe/tic_tac_toe.egg-info
[0.505s] writing ../build/tic_tac_toe/tic_tac_toe.egg-info/PKG-INFO
[0.506s] writing dependency_links to ../build/tic_tac_toe/tic_tac_toe.egg-info/dependency_links.txt
[0.506s] writing entry points to ../build/tic_tac_toe/tic_tac_toe.egg-info/entry_points.txt
[0.506s] writing requirements to ../build/tic_tac_toe/tic_tac_toe.egg-info/requires.txt
[0.506s] writing top-level names to ../build/tic_tac_toe/tic_tac_toe.egg-info/top_level.txt
[0.506s] writing manifest file '../build/tic_tac_toe/tic_tac_toe.egg-info/SOURCES.txt'
[0.506s] reading manifest file '../build/tic_tac_toe/tic_tac_toe.egg-info/SOURCES.txt'
[0.507s] writing manifest file '../build/tic_tac_toe/tic_tac_toe.egg-info/SOURCES.txt'
[0.507s] running build
[0.507s] running build_py
[0.507s] creating /home/shanti/ttt_ws/src/build/tic_tac_toe/build
[0.507s] creating /home/shanti/ttt_ws/src/build/tic_tac_toe/build/lib
[0.507s] creating /home/shanti/ttt_ws/src/build/tic_tac_toe/build/lib/tic_tac_toe
[0.507s] copying tic_tac_toe/game_node.py -> /home/shanti/ttt_ws/src/build/tic_tac_toe/build/lib/tic_tac_toe
[0.507s] copying tic_tac_toe/get_move_service.py -> /home/shanti/ttt_ws/src/build/tic_tac_toe/build/lib/tic_tac_toe
[0.507s] copying tic_tac_toe/__init__.py -> /home/shanti/ttt_ws/src/build/tic_tac_toe/build/lib/tic_tac_toe
[0.507s] running install
[0.507s] running install_lib
[0.508s] creating /home/shanti/ttt_ws/src/install/tic_tac_toe/lib/python3.10/site-packages/tic_tac_toe
[0.508s] copying /home/shanti/ttt_ws/src/build/tic_tac_toe/build/lib/tic_tac_toe/game_node.py -> /home/shanti/ttt_ws/src/install/tic_tac_toe/lib/python3.10/site-packages/tic_tac_toe
[0.508s] copying /home/shanti/ttt_ws/src/build/tic_tac_toe/build/lib/tic_tac_toe/get_move_service.py -> /home/shanti/ttt_ws/src/install/tic_tac_toe/lib/python3.10/site-packages/tic_tac_toe
[0.508s] copying /home/shanti/ttt_ws/src/build/tic_tac_toe/build/lib/tic_tac_toe/__init__.py -> /home/shanti/ttt_ws/src/install/tic_tac_toe/lib/python3.10/site-packages/tic_tac_toe
[0.508s] byte-compiling /home/shanti/ttt_ws/src/install/tic_tac_toe/lib/python3.10/site-packages/tic_tac_toe/game_node.py to game_node.cpython-310.pyc
[0.509s] byte-compiling /home/shanti/ttt_ws/src/install/tic_tac_toe/lib/python3.10/site-packages/tic_tac_toe/get_move_service.py to get_move_service.cpython-310.pyc
[0.509s] byte-compiling /home/shanti/ttt_ws/src/install/tic_tac_toe/lib/python3.10/site-packages/tic_tac_toe/__init__.py to __init__.cpython-310.pyc
[0.509s] running install_data
[0.509s] creating /home/shanti/ttt_ws/src/install/tic_tac_toe/share/ament_index
[0.509s] creating /home/shanti/ttt_ws/src/install/tic_tac_toe/share/ament_index/resource_index
[0.509s] creating /home/shanti/ttt_ws/src/install/tic_tac_toe/share/ament_index/resource_index/packages
[0.509s] copying resource/tic_tac_toe -> /home/shanti/ttt_ws/src/install/tic_tac_toe/share/ament_index/resource_index/packages
[0.509s] copying package.xml -> /home/shanti/ttt_ws/src/install/tic_tac_toe/share/tic_tac_toe
[0.509s] running install_egg_info
[0.510s] Copying ../build/tic_tac_toe/tic_tac_toe.egg-info to /home/shanti/ttt_ws/src/install/tic_tac_toe/lib/python3.10/site-packages/tic_tac_toe-0.0.0-py3.10.egg-info
[0.510s] running install_scripts
[0.522s] Installing game_node script to /home/shanti/ttt_ws/src/install/tic_tac_toe/lib/tic_tac_toe
[0.522s] Installing get_move_service script to /home/shanti/ttt_ws/src/install/tic_tac_toe/lib/tic_tac_toe
[0.522s] writing list of installed files to '/home/shanti/ttt_ws/src/build/tic_tac_toe/install.log'
[0.538s] Invoked command in '/home/shanti/ttt_ws/src/tic_tac_toe' returned '0': PYTHONPATH=/home/shanti/ttt_ws/src/build/tic_tac_toe/prefix_override:/usr/lib/python3/dist-packages/colcon_core/task/python/colcon_distutils_commands:/home/shanti/ttt_ws/src/install/tic_tac_toe/lib/python3.10/site-packages:${PYTHONPATH} /usr/bin/python3 -W ignore:setup.py install is deprecated setup.py egg_info --egg-base ../build/tic_tac_toe build --build-base /home/shanti/ttt_ws/src/build/tic_tac_toe/build install --record /home/shanti/ttt_ws/src/build/tic_tac_toe/install.log --single-version-externally-managed install_data
